<?xml version="1.0" encoding="UTF-8"?>
<testsuite name="week1.quadCompression.QuadCompressionTest" tests="4" skipped="0" failures="0" errors="0" timestamp="2020-10-22T10:09:46" hostname="준모컴퓨터" time="0.065">
  <properties/>
  <testcase name="testQuadCompress()" classname="week1.quadCompression.QuadCompressionTest" time="0.005"/>
  <testcase name="testAlgorithm()" classname="week1.quadCompression.QuadCompressionTest" time="0.048"/>
  <testcase name="testCheckArea()" classname="week1.quadCompression.QuadCompressionTest" time="0.002"/>
  <testcase name="testDivideArea()" classname="week1.quadCompression.QuadCompressionTest" time="0.001"/>
  <system-out><![CDATA[]]></system-out>
  <system-err><![CDATA[]]></system-err>
</testsuite>
