<?xml version="1.0" encoding="UTF-8"?>
<testsuite name="week1.triangleSnail.TriangleSnailTest" tests="4" skipped="0" failures="0" errors="0" timestamp="2020-10-22T10:09:47" hostname="준모컴퓨터" time="0.007">
  <properties/>
  <testcase name="testFillNumInArrayList()" classname="week1.triangleSnail.TriangleSnailTest" time="0.005"/>
  <testcase name="testAlgorithm()" classname="week1.triangleSnail.TriangleSnailTest" time="0.0"/>
  <testcase name="testCreateArrayList()" classname="week1.triangleSnail.TriangleSnailTest" time="0.0"/>
  <testcase name="testGetResult()" classname="week1.triangleSnail.TriangleSnailTest" time="0.0"/>
  <system-out><![CDATA[]]></system-out>
  <system-err><![CDATA[]]></system-err>
</testsuite>
