<?xml version="1.0" encoding="UTF-8"?>
<testsuite name="week1.quadCompression2Test.AreaTest" tests="7" skipped="0" failures="0" errors="0" timestamp="2020-10-20T15:05:44" hostname="준모컴퓨터" time="0.034">
  <properties/>
  <testcase name="testCreateAreaWhenNotSquare()" classname="week1.quadCompression2Test.AreaTest" time="0.02"/>
  <testcase name="testCreateAreaSizeShouldBePowerOf2()" classname="week1.quadCompression2Test.AreaTest" time="0.004"/>
  <testcase name="testQuadCompressShouldBeCalledOnlyTwice()" classname="week1.quadCompression2Test.AreaTest" time="0.001"/>
  <testcase name="testCreateAreaShouldBeSquare()" classname="week1.quadCompression2Test.AreaTest" time="0.003"/>
  <testcase name="testQuadCompressShouldBeCalledAtLeastThreeTime()" classname="week1.quadCompression2Test.AreaTest" time="0.001"/>
  <testcase name="testQuadCompressShouldBeCalledOnlyOnce()" classname="week1.quadCompression2Test.AreaTest" time="0.001"/>
  <testcase name="testCreateAreaWhenInvalidSize()" classname="week1.quadCompression2Test.AreaTest" time="0.003"/>
  <system-out><![CDATA[]]></system-out>
  <system-err><![CDATA[]]></system-err>
</testsuite>
