<?xml version="1.0" encoding="UTF-8"?>
<testsuite name="week1.quadCompression2Test.QuadCompression2Test" tests="2" skipped="0" failures="0" errors="0" timestamp="2020-10-20T15:05:44" hostname="준모컴퓨터" time="0.006">
  <properties/>
  <testcase name="testSolutionCase1()" classname="week1.quadCompression2Test.QuadCompression2Test" time="0.005"/>
  <testcase name="testSolutionCase2()" classname="week1.quadCompression2Test.QuadCompression2Test" time="0.0"/>
  <system-out><![CDATA[]]></system-out>
  <system-err><![CDATA[]]></system-err>
</testsuite>
