<?xml version="1.0" encoding="UTF-8"?>
<testsuite name="week1.quadCompression2.CompressorTest" tests="4" skipped="0" failures="0" errors="0" timestamp="2020-10-22T10:09:46" hostname="준모컴퓨터" time="0.012">
  <properties/>
  <testcase name="testCompressWhenNumIsOne()" classname="week1.quadCompression2.CompressorTest" time="0.008"/>
  <testcase name="testCanCompressShouldBeTrueWhenAllTheSameNum()" classname="week1.quadCompression2.CompressorTest" time="0.001"/>
  <testcase name="testCanCompressShouldBeFalseWhenNotAllTheSameNum()" classname="week1.quadCompression2.CompressorTest" time="0.0"/>
  <testcase name="testCompressWhenNumIsZero()" classname="week1.quadCompression2.CompressorTest" time="0.001"/>
  <system-out><![CDATA[]]></system-out>
  <system-err><![CDATA[]]></system-err>
</testsuite>
