<?xml version="1.0" encoding="UTF-8"?>
<testsuite name="week1.quadCompression2Test.DividerTest" tests="6" skipped="0" failures="0" errors="0" timestamp="2020-10-20T15:05:44" hostname="준모컴퓨터" time="0.021">
  <properties/>
  <testcase name="testFourthAreaPoint_Should_Be_RowPlusHalfSize_And_ColPlusHalfSize()" classname="week1.quadCompression2Test.DividerTest" time="0.016"/>
  <testcase name="testNextSizeShouldBeReturnHalf()" classname="week1.quadCompression2Test.DividerTest" time="0.0"/>
  <testcase name="testFirstAreaPoint_Should_Be_Equal_StartPoint()" classname="week1.quadCompression2Test.DividerTest" time="0.001"/>
  <testcase name="testSecondAreaPoint_Should_Be_Row_And_ColPlusHalfSize()" classname="week1.quadCompression2Test.DividerTest" time="0.0"/>
  <testcase name="testDivide_Should_Be_Return_4Points()" classname="week1.quadCompression2Test.DividerTest" time="0.0"/>
  <testcase name="testThirdAreaPoint_Should_Be_RowPlusHalfSize_And_Col()" classname="week1.quadCompression2Test.DividerTest" time="0.0"/>
  <system-out><![CDATA[]]></system-out>
  <system-err><![CDATA[]]></system-err>
</testsuite>
