<?xml version="1.0" encoding="UTF-8"?>
<testsuite name="week1.quadCompressionTest.QuadCompressionTest" tests="4" skipped="0" failures="0" errors="0" timestamp="2020-10-20T12:59:35" hostname="준모컴퓨터" time="0.025">
  <properties/>
  <testcase name="testQuadCompress()" classname="week1.quadCompressionTest.QuadCompressionTest" time="0.016"/>
  <testcase name="testAlgorithm()" classname="week1.quadCompressionTest.QuadCompressionTest" time="0.001"/>
  <testcase name="testCheckArea()" classname="week1.quadCompressionTest.QuadCompressionTest" time="0.002"/>
  <testcase name="testDivideArea()" classname="week1.quadCompressionTest.QuadCompressionTest" time="0.003"/>
  <system-out><![CDATA[]]></system-out>
  <system-err><![CDATA[]]></system-err>
</testsuite>
