<?xml version="1.0" encoding="UTF-8"?>
<testsuite name="week1.poppingBalloon.BalloonCheckerTest" tests="4" skipped="0" failures="0" errors="0" timestamp="2020-10-22T10:09:46" hostname="준모컴퓨터" time="0.087">
  <properties/>
  <testcase name="if idx balloon is greater than both leftMin and rightMin, no counting()" classname="week1.poppingBalloon.BalloonCheckerTest" time="0.016"/>
  <testcase name="the rightMin of the idx balloon is the minimum value of the idx+1 ~ end-1 balloons()" classname="week1.poppingBalloon.BalloonCheckerTest" time="0.06"/>
  <testcase name="if the idx balloon is not greater than both leftMin and rightMin, count()" classname="week1.poppingBalloon.BalloonCheckerTest" time="0.002"/>
  <testcase name="the leftMin of the idx balloon is the minimum value of the begin ~ idx-1 balloons()" classname="week1.poppingBalloon.BalloonCheckerTest" time="0.002"/>
  <system-out><![CDATA[]]></system-out>
  <system-err><![CDATA[]]></system-err>
</testsuite>
