<?xml version="1.0" encoding="UTF-8"?>
<testsuite name="week1.poppingBalloon.PopperTest" tests="4" skipped="0" failures="0" errors="0" timestamp="2020-10-22T10:09:46" hostname="준모컴퓨터" time="0.012">
  <properties/>
  <testcase name="test execute() should be return 3()" classname="week1.poppingBalloon.PopperTest" time="0.004"/>
  <testcase name="test execute() should be return 4()" classname="week1.poppingBalloon.PopperTest" time="0.003"/>
  <testcase name="test execute() should be return 5()" classname="week1.poppingBalloon.PopperTest" time="0.002"/>
  <testcase name="test execute() should be return 6()" classname="week1.poppingBalloon.PopperTest" time="0.001"/>
  <system-out><![CDATA[]]></system-out>
  <system-err><![CDATA[]]></system-err>
</testsuite>
