<?xml version="1.0" encoding="UTF-8"?>
<testsuite name="week1.quadCompression2.QuadCompression2Test" tests="2" skipped="0" failures="0" errors="0" timestamp="2020-10-22T10:09:47" hostname="준모컴퓨터" time="0.013">
  <properties/>
  <testcase name="testSolutionCase1()" classname="week1.quadCompression2.QuadCompression2Test" time="0.011"/>
  <testcase name="testSolutionCase2()" classname="week1.quadCompression2.QuadCompression2Test" time="0.001"/>
  <system-out><![CDATA[]]></system-out>
  <system-err><![CDATA[]]></system-err>
</testsuite>
